<?xml version="1.0" encoding="UTF-8"?>
<!-- Generated by org.testng.reporters.JUnitXMLReporter -->
<testsuite ignored="0" hostname="IZLAP2023-074" failures="1" tests="3" name="Dependency Test" time="0.007" errors="0" timestamp="06 Nov 2024 16:45:11 GMT">
  <testcase classname="testNGLearning.TestCase3" name="doUserRegistration" time="0.001">
    <failure type="java.lang.AssertionError" message="null">
      <![CDATA[java.lang.AssertionError: null
at testNGLearning.TestCase3.doUserRegistration(TestCase3.java:12)
... Removed 27 stack frames]]>
    </failure>
  </testcase> <!-- doUserRegistration -->
  <testcase classname="testNGLearning.TestCase3" name="doLogin" time="0.0">
    <skipped/>
  </testcase> <!-- doLogin -->
  <testcase classname="testNGLearning.TestCase3" name="isSkip" time="0.0">
    <skipped/>
  </testcase> <!-- isSkip -->
</testsuite> <!-- Dependency Test -->
