<?xml version="1.0" encoding="UTF-8"?>
<!-- Generated by org.testng.reporters.JUnitXMLReporter -->
<testsuite ignored="0" hostname="IZLAP2023-074" failures="2" tests="3" name="Login Test" time="0.07" errors="0" timestamp="07 Nov 2024 16:14:15 GMT">
  <testcase classname="testNGLearning.TestBasics" name="doLogin" time="0.03"/>
  <testcase classname="testNGLearning.TestBasics" name="doReg" time="0.004">
    <failure type="java.lang.AssertionError" message="User reg failed">
      <![CDATA[java.lang.AssertionError: User reg failed
at testNGLearning.TestBasics.doReg(TestBasics.java:24)
... Removed 26 stack frames]]>
    </failure>
  </testcase> <!-- doReg -->
  <testcase classname="testNGLearning.TestBasics" name="doReg" time="0.009">
    <failure type="java.lang.NullPointerException">
      <![CDATA[java.lang.NullPointerException
at extentlisteners.ExtentManager.captureScreenshot(ExtentManager.java:51)
at extentlisteners.ExtentListeners.onTestFailure(ExtentListeners.java:57)
... Removed 22 stack frames]]>
    </failure>
  </testcase> <!-- doReg -->
</testsuite> <!-- Login Test -->
