<?xml version="1.0" encoding="UTF-8"?>
<!-- Generated by org.testng.reporters.JUnitXMLReporter -->
<testsuite ignored="0" hostname="IZLAP2023-074" failures="1" tests="1" name="Validate Titles Test" time="0.014" errors="0" timestamp="06 Nov 2024 16:45:11 GMT">
  <testcase classname="testNGLearning.TestCase2" name="validateTitles" time="0.005">
    <failure type="java.lang.AssertionError" message="The following asserts failed:
	Titles not matching expected [Google] but found [Gmail],
	Image not present here fails expected [true] but found [false],
	Failing the test as the condition is not met">
      <![CDATA[java.lang.AssertionError: The following asserts failed:
Titles not matching expected [Google] but found [Gmail],
Image not present here fails expected [true] but found [false],
Failing the test as the condition is not met
at testNGLearning.TestCase2.validateTitles(TestCase2.java:32)
... Removed 26 stack frames]]>
    </failure>
  </testcase> <!-- validateTitles -->
</testsuite> <!-- Validate Titles Test -->
